CRITICAL - 2022-06-26 04:56:51 --> syntax error, unexpected '<'
in APPPATH\Views\partials\header.php on line 20.
 1 SYSTEMPATH\View\View.php(216): CodeIgniter\View\View->CodeIgniter\View\{closure}()
 2 SYSTEMPATH\View\View.php(429): CodeIgniter\View\View->render('partials/header', null, true)
 3 APPPATH\Views\scaffolding\back.php(1): CodeIgniter\View\View->include('partials/header')
 4 SYSTEMPATH\View\View.php(213): include('APPPATH\\Views\\scaffolding\\back.php')
 5 SYSTEMPATH\View\View.php(216): CodeIgniter\View\View->CodeIgniter\View\{closure}()
 6 SYSTEMPATH\View\View.php(229): CodeIgniter\View\View->render('scaffolding/back', [], true)
 7 SYSTEMPATH\Common.php(1135): CodeIgniter\View\View->render('pages/admin/menu/index', [], true)
 8 APPPATH\Controllers\MenuController.php(24): view('pages/admin/menu/index', [...])
 9 SYSTEMPATH\CodeIgniter.php(898): App\Controllers\MenuController->index()
10 SYSTEMPATH\CodeIgniter.php(468): CodeIgniter\CodeIgniter->runController(Object(App\Controllers\MenuController))
11 SYSTEMPATH\CodeIgniter.php(351): CodeIgniter\CodeIgniter->handleRequest(null, Object(Config\Cache), false)
12 FCPATH\index.php(55): CodeIgniter\CodeIgniter->run()
CRITICAL - 2022-06-26 06:50:49 --> syntax error, unexpected '$routes' (T_VARIABLE)
in APPPATH\Config\Routes.php on line 62.
 1 SYSTEMPATH\CodeIgniter.php(417): CodeIgniter\CodeIgniter->tryToRouteIt(null)
 2 SYSTEMPATH\CodeIgniter.php(351): CodeIgniter\CodeIgniter->handleRequest(null, Object(Config\Cache), false)
 3 FCPATH\index.php(55): CodeIgniter\CodeIgniter->run()
CRITICAL - 2022-06-26 07:01:39 --> syntax error, unexpected '<', expecting end of file
in APPPATH\Views\pages\admin\order\index.php on line 2.
 1 SYSTEMPATH\View\View.php(216): CodeIgniter\View\View->CodeIgniter\View\{closure}()
 2 SYSTEMPATH\Common.php(1135): CodeIgniter\View\View->render('pages/admin/order/index', [], true)
 3 APPPATH\Controllers\TransactionController.php(31): view('pages/admin/order/index', [...])
 4 SYSTEMPATH\CodeIgniter.php(898): App\Controllers\TransactionController->index()
 5 SYSTEMPATH\CodeIgniter.php(468): CodeIgniter\CodeIgniter->runController(Object(App\Controllers\TransactionController))
 6 SYSTEMPATH\CodeIgniter.php(351): CodeIgniter\CodeIgniter->handleRequest(null, Object(Config\Cache), false)
 7 FCPATH\index.php(55): CodeIgniter\CodeIgniter->run()
CRITICAL - 2022-06-26 07:01:56 --> Undefined variable: transactions
in APPPATH\Views\pages\admin\order\index.php on line 38.
 1 APPPATH\Views\pages\admin\order\index.php(38): CodeIgniter\Debug\Exceptions->errorHandler(8, 'Undefined variable: transactions', 'APPPATH\\Views\\pages\\admin\\order\\index.php', 38, [...])
 2 SYSTEMPATH\View\View.php(213): include('APPPATH\\Views\\pages\\admin\\order\\index.php')
 3 SYSTEMPATH\View\View.php(216): CodeIgniter\View\View->CodeIgniter\View\{closure}()
 4 SYSTEMPATH\Common.php(1135): CodeIgniter\View\View->render('pages/admin/order/index', [], true)
 5 APPPATH\Controllers\TransactionController.php(31): view('pages/admin/order/index', [...])
 6 SYSTEMPATH\CodeIgniter.php(898): App\Controllers\TransactionController->index()
 7 SYSTEMPATH\CodeIgniter.php(468): CodeIgniter\CodeIgniter->runController(Object(App\Controllers\TransactionController))
 8 SYSTEMPATH\CodeIgniter.php(351): CodeIgniter\CodeIgniter->handleRequest(null, Object(Config\Cache), false)
 9 FCPATH\index.php(55): CodeIgniter\CodeIgniter->run()
CRITICAL - 2022-06-26 07:09:39 --> Undefined property: stdClass::$shipment_date
in APPPATH\Views\pages\admin\order\index.php on line 41.
 1 APPPATH\Views\pages\admin\order\index.php(41): CodeIgniter\Debug\Exceptions->errorHandler(8, 'Undefined property: stdClass::$shipment_date', 'APPPATH\\Views\\pages\\admin\\order\\index.php', 41, [...])
 2 SYSTEMPATH\View\View.php(213): include('APPPATH\\Views\\pages\\admin\\order\\index.php')
 3 SYSTEMPATH\View\View.php(216): CodeIgniter\View\View->CodeIgniter\View\{closure}()
 4 SYSTEMPATH\Common.php(1135): CodeIgniter\View\View->render('pages/admin/order/index', [], true)
 5 APPPATH\Controllers\TransactionController.php(31): view('pages/admin/order/index', [...])
 6 SYSTEMPATH\CodeIgniter.php(898): App\Controllers\TransactionController->index()
 7 SYSTEMPATH\CodeIgniter.php(468): CodeIgniter\CodeIgniter->runController(Object(App\Controllers\TransactionController))
 8 SYSTEMPATH\CodeIgniter.php(351): CodeIgniter\CodeIgniter->handleRequest(null, Object(Config\Cache), false)
 9 FCPATH\index.php(55): CodeIgniter\CodeIgniter->run()
CRITICAL - 2022-06-26 07:09:54 --> date_format() expects parameter 1 to be DateTimeInterface, bool given
in APPPATH\Views\pages\admin\order\index.php on line 41.
 1 [internal function]: CodeIgniter\Debug\Exceptions->errorHandler(2, 'date_format() expects parameter 1 to be DateTimeInterface, bool given', 'APPPATH\\Views\\pages\\admin\\order\\index.php', 41, [...])
 2 APPPATH\Views\pages\admin\order\index.php(41): date_format(false, '2022-07-01')
 3 SYSTEMPATH\View\View.php(213): include('APPPATH\\Views\\pages\\admin\\order\\index.php')
 4 SYSTEMPATH\View\View.php(216): CodeIgniter\View\View->CodeIgniter\View\{closure}()
 5 SYSTEMPATH\Common.php(1135): CodeIgniter\View\View->render('pages/admin/order/index', [], true)
 6 APPPATH\Controllers\TransactionController.php(31): view('pages/admin/order/index', [...])
 7 SYSTEMPATH\CodeIgniter.php(898): App\Controllers\TransactionController->index()
 8 SYSTEMPATH\CodeIgniter.php(468): CodeIgniter\CodeIgniter->runController(Object(App\Controllers\TransactionController))
 9 SYSTEMPATH\CodeIgniter.php(351): CodeIgniter\CodeIgniter->handleRequest(null, Object(Config\Cache), false)
10 FCPATH\index.php(55): CodeIgniter\CodeIgniter->run()
CRITICAL - 2022-06-26 07:18:30 --> Undefined property: stdClass::$create_at
in APPPATH\Views\pages\admin\order\index.php on line 45.
 1 APPPATH\Views\pages\admin\order\index.php(45): CodeIgniter\Debug\Exceptions->errorHandler(8, 'Undefined property: stdClass::$create_at', 'APPPATH\\Views\\pages\\admin\\order\\index.php', 45, [...])
 2 SYSTEMPATH\View\View.php(213): include('APPPATH\\Views\\pages\\admin\\order\\index.php')
 3 SYSTEMPATH\View\View.php(216): CodeIgniter\View\View->CodeIgniter\View\{closure}()
 4 SYSTEMPATH\Common.php(1135): CodeIgniter\View\View->render('pages/admin/order/index', [], true)
 5 APPPATH\Controllers\TransactionController.php(31): view('pages/admin/order/index', [...])
 6 SYSTEMPATH\CodeIgniter.php(898): App\Controllers\TransactionController->index()
 7 SYSTEMPATH\CodeIgniter.php(468): CodeIgniter\CodeIgniter->runController(Object(App\Controllers\TransactionController))
 8 SYSTEMPATH\CodeIgniter.php(351): CodeIgniter\CodeIgniter->handleRequest(null, Object(Config\Cache), false)
 9 FCPATH\index.php(55): CodeIgniter\CodeIgniter->run()
CRITICAL - 2022-06-26 07:40:01 --> Call to undefined method App\Models\OrderMenu::transaction
in SYSTEMPATH\Model.php on line 773.
 1 APPPATH\Controllers\TransactionController.php(49): CodeIgniter\Model->__call('transaction', [...])
 2 SYSTEMPATH\CodeIgniter.php(898): App\Controllers\TransactionController->show('5')
 3 SYSTEMPATH\CodeIgniter.php(468): CodeIgniter\CodeIgniter->runController(Object(App\Controllers\TransactionController))
 4 SYSTEMPATH\CodeIgniter.php(351): CodeIgniter\CodeIgniter->handleRequest(null, Object(Config\Cache), false)
 5 FCPATH\index.php(55): CodeIgniter\CodeIgniter->run()
CRITICAL - 2022-06-26 07:40:33 --> Use of undefined constant id - assumed 'id' (this will throw an Error in a future version of PHP)
in APPPATH\Views\pages\admin\order\detail.php on line 12.
 1 APPPATH\Views\pages\admin\order\detail.php(12): CodeIgniter\Debug\Exceptions->errorHandler(2, 'Use of undefined constant id - assumed \'id\' (this will throw an Error in a future version of PHP)', 'APPPATH\\Views\\pages\\admin\\order\\detail.php', 12, [...])
 2 SYSTEMPATH\View\View.php(213): include('APPPATH\\Views\\pages\\admin\\order\\detail.php')
 3 SYSTEMPATH\View\View.php(216): CodeIgniter\View\View->CodeIgniter\View\{closure}()
 4 SYSTEMPATH\Common.php(1135): CodeIgniter\View\View->render('pages/admin/order/detail', [], true)
 5 APPPATH\Controllers\TransactionController.php(50): view('pages/admin/order/detail', [...])
 6 SYSTEMPATH\CodeIgniter.php(898): App\Controllers\TransactionController->show('5')
 7 SYSTEMPATH\CodeIgniter.php(468): CodeIgniter\CodeIgniter->runController(Object(App\Controllers\TransactionController))
 8 SYSTEMPATH\CodeIgniter.php(351): CodeIgniter\CodeIgniter->handleRequest(null, Object(Config\Cache), false)
 9 FCPATH\index.php(55): CodeIgniter\CodeIgniter->run()
CRITICAL - 2022-06-26 07:40:47 --> Undefined variable: ingre
in APPPATH\Views\pages\admin\order\detail.php on line 44.
 1 APPPATH\Views\pages\admin\order\detail.php(44): CodeIgniter\Debug\Exceptions->errorHandler(8, 'Undefined variable: ingre', 'APPPATH\\Views\\pages\\admin\\order\\detail.php', 44, [...])
 2 SYSTEMPATH\View\View.php(213): include('APPPATH\\Views\\pages\\admin\\order\\detail.php')
 3 SYSTEMPATH\View\View.php(216): CodeIgniter\View\View->CodeIgniter\View\{closure}()
 4 SYSTEMPATH\Common.php(1135): CodeIgniter\View\View->render('pages/admin/order/detail', [], true)
 5 APPPATH\Controllers\TransactionController.php(50): view('pages/admin/order/detail', [...])
 6 SYSTEMPATH\CodeIgniter.php(898): App\Controllers\TransactionController->show('5')
 7 SYSTEMPATH\CodeIgniter.php(468): CodeIgniter\CodeIgniter->runController(Object(App\Controllers\TransactionController))
 8 SYSTEMPATH\CodeIgniter.php(351): CodeIgniter\CodeIgniter->handleRequest(null, Object(Config\Cache), false)
 9 FCPATH\index.php(55): CodeIgniter\CodeIgniter->run()
CRITICAL - 2022-06-26 07:42:15 --> Undefined property: stdClass::$unit
in APPPATH\Views\pages\admin\order\detail.php on line 48.
 1 APPPATH\Views\pages\admin\order\detail.php(48): CodeIgniter\Debug\Exceptions->errorHandler(8, 'Undefined property: stdClass::$unit', 'APPPATH\\Views\\pages\\admin\\order\\detail.php', 48, [...])
 2 SYSTEMPATH\View\View.php(213): include('APPPATH\\Views\\pages\\admin\\order\\detail.php')
 3 SYSTEMPATH\View\View.php(216): CodeIgniter\View\View->CodeIgniter\View\{closure}()
 4 SYSTEMPATH\Common.php(1135): CodeIgniter\View\View->render('pages/admin/order/detail', [], true)
 5 APPPATH\Controllers\TransactionController.php(50): view('pages/admin/order/detail', [...])
 6 SYSTEMPATH\CodeIgniter.php(898): App\Controllers\TransactionController->show('5')
 7 SYSTEMPATH\CodeIgniter.php(468): CodeIgniter\CodeIgniter->runController(Object(App\Controllers\TransactionController))
 8 SYSTEMPATH\CodeIgniter.php(351): CodeIgniter\CodeIgniter->handleRequest(null, Object(Config\Cache), false)
 9 FCPATH\index.php(55): CodeIgniter\CodeIgniter->run()
CRITICAL - 2022-06-26 07:42:26 --> Undefined property: stdClass::$price
in APPPATH\Views\pages\admin\order\detail.php on line 50.
 1 APPPATH\Views\pages\admin\order\detail.php(50): CodeIgniter\Debug\Exceptions->errorHandler(8, 'Undefined property: stdClass::$price', 'APPPATH\\Views\\pages\\admin\\order\\detail.php', 50, [...])
 2 SYSTEMPATH\View\View.php(213): include('APPPATH\\Views\\pages\\admin\\order\\detail.php')
 3 SYSTEMPATH\View\View.php(216): CodeIgniter\View\View->CodeIgniter\View\{closure}()
 4 SYSTEMPATH\Common.php(1135): CodeIgniter\View\View->render('pages/admin/order/detail', [], true)
 5 APPPATH\Controllers\TransactionController.php(50): view('pages/admin/order/detail', [...])
 6 SYSTEMPATH\CodeIgniter.php(898): App\Controllers\TransactionController->show('5')
 7 SYSTEMPATH\CodeIgniter.php(468): CodeIgniter\CodeIgniter->runController(Object(App\Controllers\TransactionController))
 8 SYSTEMPATH\CodeIgniter.php(351): CodeIgniter\CodeIgniter->handleRequest(null, Object(Config\Cache), false)
 9 FCPATH\index.php(55): CodeIgniter\CodeIgniter->run()
