CRITICAL - 2022-06-15 03:10:05 --> Undefined variable: menus
in APPPATH\Views\pages\admin\menu\index.php on line 33.
 1 APPPATH\Views\pages\admin\menu\index.php(33): CodeIgniter\Debug\Exceptions->errorHandler(8, 'Undefined variable: menus', 'APPPATH\\Views\\pages\\admin\\menu\\index.php', 33, [...])
 2 SYSTEMPATH\View\View.php(213): include('APPPATH\\Views\\pages\\admin\\menu\\index.php')
 3 SYSTEMPATH\View\View.php(216): CodeIgniter\View\View->CodeIgniter\View\{closure}()
 4 SYSTEMPATH\Common.php(1135): CodeIgniter\View\View->render('pages/admin/menu/index', [], true)
 5 APPPATH\Controllers\MenuController.php(20): view('pages/admin/menu/index', [...])
 6 SYSTEMPATH\CodeIgniter.php(898): App\Controllers\MenuController->index()
 7 SYSTEMPATH\CodeIgniter.php(468): CodeIgniter\CodeIgniter->runController(Object(App\Controllers\MenuController))
 8 SYSTEMPATH\CodeIgniter.php(351): CodeIgniter\CodeIgniter->handleRequest(null, Object(Config\Cache), false)
 9 FCPATH\index.php(55): CodeIgniter\CodeIgniter->run()
CRITICAL - 2022-06-15 03:13:38 --> syntax error, unexpected '.'
in APPPATH\Views\pages\admin\menu\index.php on line 37.
 1 SYSTEMPATH\View\View.php(216): CodeIgniter\View\View->CodeIgniter\View\{closure}()
 2 SYSTEMPATH\Common.php(1135): CodeIgniter\View\View->render('pages/admin/menu/index', [], true)
 3 APPPATH\Controllers\MenuController.php(20): view('pages/admin/menu/index', [...])
 4 SYSTEMPATH\CodeIgniter.php(898): App\Controllers\MenuController->index()
 5 SYSTEMPATH\CodeIgniter.php(468): CodeIgniter\CodeIgniter->runController(Object(App\Controllers\MenuController))
 6 SYSTEMPATH\CodeIgniter.php(351): CodeIgniter\CodeIgniter->handleRequest(null, Object(Config\Cache), false)
 7 FCPATH\index.php(55): CodeIgniter\CodeIgniter->run()
CRITICAL - 2022-06-15 03:31:27 --> _get_uri() requires a valid baseURL.
in SYSTEMPATH\Helpers\url_helper.php on line 36.
 1 SYSTEMPATH\Helpers\url_helper.php(133): _get_uri('ROOTPATH\\public')
 2 SYSTEMPATH\CodeIgniter.php(502): current_url(true)
 3 SYSTEMPATH\CodeIgniter.php(347): CodeIgniter\CodeIgniter->handleRequest(null, Object(Config\Cache), false)
 4 SYSTEMPATH\CLI\Console.php(48): CodeIgniter\CodeIgniter->run()
 5 ROOTPATH\spark(86): CodeIgniter\CLI\Console->run()
CRITICAL - 2022-06-15 03:31:47 --> _get_uri() requires a valid baseURL.
in SYSTEMPATH\Helpers\url_helper.php on line 36.
 1 SYSTEMPATH\Helpers\url_helper.php(133): _get_uri('ROOTPATH\\public')
 2 SYSTEMPATH\CodeIgniter.php(502): current_url(true)
 3 SYSTEMPATH\CodeIgniter.php(347): CodeIgniter\CodeIgniter->handleRequest(null, Object(Config\Cache), false)
 4 SYSTEMPATH\CLI\Console.php(48): CodeIgniter\CodeIgniter->run()
 5 ROOTPATH\spark(86): CodeIgniter\CLI\Console->run()
CRITICAL - 2022-06-15 03:32:35 --> _get_uri() requires a valid baseURL.
in SYSTEMPATH\Helpers\url_helper.php on line 36.
 1 SYSTEMPATH\Helpers\url_helper.php(133): _get_uri('ROOTPATH\\public')
 2 SYSTEMPATH\CodeIgniter.php(502): current_url(true)
 3 SYSTEMPATH\CodeIgniter.php(347): CodeIgniter\CodeIgniter->handleRequest(null, Object(Config\Cache), false)
 4 SYSTEMPATH\CLI\Console.php(48): CodeIgniter\CodeIgniter->run()
 5 ROOTPATH\spark(86): CodeIgniter\CLI\Console->run()
CRITICAL - 2022-06-15 03:32:41 --> _get_uri() requires a valid baseURL.
in SYSTEMPATH\Helpers\url_helper.php on line 36.
 1 SYSTEMPATH\Helpers\url_helper.php(133): _get_uri('ROOTPATH\\public')
 2 SYSTEMPATH\CodeIgniter.php(502): current_url(true)
 3 SYSTEMPATH\CodeIgniter.php(347): CodeIgniter\CodeIgniter->handleRequest(null, Object(Config\Cache), false)
 4 SYSTEMPATH\CLI\Console.php(48): CodeIgniter\CodeIgniter->run()
 5 ROOTPATH\spark(86): CodeIgniter\CLI\Console->run()
CRITICAL - 2022-06-15 03:33:12 --> _get_uri() requires a valid baseURL.
in SYSTEMPATH\Helpers\url_helper.php on line 36.
 1 SYSTEMPATH\Helpers\url_helper.php(133): _get_uri('ROOTPATH\\public')
 2 SYSTEMPATH\CodeIgniter.php(502): current_url(true)
 3 SYSTEMPATH\CodeIgniter.php(347): CodeIgniter\CodeIgniter->handleRequest(null, Object(Config\Cache), false)
 4 SYSTEMPATH\CLI\Console.php(48): CodeIgniter\CodeIgniter->run()
 5 ROOTPATH\spark(86): CodeIgniter\CLI\Console->run()
CRITICAL - 2022-06-15 03:33:17 --> _get_uri() requires a valid baseURL.
in SYSTEMPATH\Helpers\url_helper.php on line 36.
 1 SYSTEMPATH\Helpers\url_helper.php(133): _get_uri('ROOTPATH\\public')
 2 SYSTEMPATH\CodeIgniter.php(502): current_url(true)
 3 SYSTEMPATH\CodeIgniter.php(347): CodeIgniter\CodeIgniter->handleRequest(null, Object(Config\Cache), false)
 4 SYSTEMPATH\CLI\Console.php(48): CodeIgniter\CodeIgniter->run()
 5 ROOTPATH\spark(86): CodeIgniter\CLI\Console->run()
CRITICAL - 2022-06-15 03:33:27 --> _get_uri() requires a valid baseURL.
in SYSTEMPATH\Helpers\url_helper.php on line 36.
 1 SYSTEMPATH\Helpers\url_helper.php(133): _get_uri('ROOTPATH\\public')
 2 SYSTEMPATH\CodeIgniter.php(502): current_url(true)
 3 SYSTEMPATH\CodeIgniter.php(347): CodeIgniter\CodeIgniter->handleRequest(null, Object(Config\Cache), false)
 4 SYSTEMPATH\CLI\Console.php(48): CodeIgniter\CodeIgniter->run()
 5 ROOTPATH\spark(86): CodeIgniter\CLI\Console->run()
CRITICAL - 2022-06-15 03:33:40 --> _get_uri() requires a valid baseURL.
in SYSTEMPATH\Helpers\url_helper.php on line 36.
 1 SYSTEMPATH\Helpers\url_helper.php(133): _get_uri('ROOTPATH\\public')
 2 SYSTEMPATH\CodeIgniter.php(502): current_url(true)
 3 SYSTEMPATH\CodeIgniter.php(347): CodeIgniter\CodeIgniter->handleRequest(null, Object(Config\Cache), false)
 4 SYSTEMPATH\CLI\Console.php(48): CodeIgniter\CodeIgniter->run()
 5 ROOTPATH\spark(86): CodeIgniter\CLI\Console->run()
CRITICAL - 2022-06-15 03:33:50 --> _get_uri() requires a valid baseURL.
in SYSTEMPATH\Helpers\url_helper.php on line 36.
 1 SYSTEMPATH\Helpers\url_helper.php(133): _get_uri('ROOTPATH\\public')
 2 SYSTEMPATH\CodeIgniter.php(502): current_url(true)
 3 SYSTEMPATH\CodeIgniter.php(347): CodeIgniter\CodeIgniter->handleRequest(null, Object(Config\Cache), false)
 4 SYSTEMPATH\CLI\Console.php(48): CodeIgniter\CodeIgniter->run()
 5 ROOTPATH\spark(86): CodeIgniter\CLI\Console->run()
CRITICAL - 2022-06-15 03:36:24 --> syntax error, unexpected '$this' (T_VARIABLE)
in APPPATH\Controllers\IngredientController.php on line 13.
 1 SYSTEMPATH\Autoloader\Autoloader.php(261): CodeIgniter\Autoloader\Autoloader->includeFile('APPPATH\\Controllers\\IngredientController.php')
 2 SYSTEMPATH\Autoloader\Autoloader.php(239): CodeIgniter\Autoloader\Autoloader->loadInNamespace('App\\Controllers\\IngredientController')
 3 [internal function]: CodeIgniter\Autoloader\Autoloader->loadClass('App\\Controllers\\IngredientController')
 4 [internal function]: spl_autoload_call('App\\Controllers\\IngredientController')
 5 SYSTEMPATH\CodeIgniter.php(848): class_exists('\\App\\Controllers\\IngredientController', true)
 6 SYSTEMPATH\CodeIgniter.php(455): CodeIgniter\CodeIgniter->startController()
 7 SYSTEMPATH\CodeIgniter.php(351): CodeIgniter\CodeIgniter->handleRequest(null, Object(Config\Cache), false)
 8 FCPATH\index.php(55): CodeIgniter\CodeIgniter->run()
CRITICAL - 2022-06-15 03:36:33 --> Cannot call constructor
in APPPATH\Controllers\IngredientController.php on line 12.
 1 SYSTEMPATH\CodeIgniter.php(860): App\Controllers\IngredientController->__construct()
 2 SYSTEMPATH\CodeIgniter.php(459): CodeIgniter\CodeIgniter->createController()
 3 SYSTEMPATH\CodeIgniter.php(351): CodeIgniter\CodeIgniter->handleRequest(null, Object(Config\Cache), false)
 4 FCPATH\index.php(55): CodeIgniter\CodeIgniter->run()
CRITICAL - 2022-06-15 03:36:45 --> Class 'App\Controllers\Ingredient' not found
in APPPATH\Controllers\IngredientController.php on line 13.
 1 SYSTEMPATH\CodeIgniter.php(860): App\Controllers\IngredientController->__construct()
 2 SYSTEMPATH\CodeIgniter.php(459): CodeIgniter\CodeIgniter->createController()
 3 SYSTEMPATH\CodeIgniter.php(351): CodeIgniter\CodeIgniter->handleRequest(null, Object(Config\Cache), false)
 4 FCPATH\index.php(55): CodeIgniter\CodeIgniter->run()
CRITICAL - 2022-06-15 03:37:04 --> Invalid file: /admin/ingre/index.php
in SYSTEMPATH\Exceptions\FrameworkException.php on line 33.
 1 SYSTEMPATH\View\View.php(201): CodeIgniter\Exceptions\FrameworkException::forInvalidFile('/admin/ingre/index.php')
 2 SYSTEMPATH\Common.php(1135): CodeIgniter\View\View->render('/admin/ingre/index', [], true)
 3 APPPATH\Controllers\IngredientController.php(21): view('/admin/ingre/index', [...])
 4 SYSTEMPATH\CodeIgniter.php(898): App\Controllers\IngredientController->index()
 5 SYSTEMPATH\CodeIgniter.php(468): CodeIgniter\CodeIgniter->runController(Object(App\Controllers\IngredientController))
 6 SYSTEMPATH\CodeIgniter.php(351): CodeIgniter\CodeIgniter->handleRequest(null, Object(Config\Cache), false)
 7 FCPATH\index.php(55): CodeIgniter\CodeIgniter->run()
CRITICAL - 2022-06-15 03:37:16 --> Undefined variable: ingres
in APPPATH\Views\pages\admin\ingre\index.php on line 33.
 1 APPPATH\Views\pages\admin\ingre\index.php(33): CodeIgniter\Debug\Exceptions->errorHandler(8, 'Undefined variable: ingres', 'APPPATH\\Views\\pages\\admin\\ingre\\index.php', 33, [...])
 2 SYSTEMPATH\View\View.php(213): include('APPPATH\\Views\\pages\\admin\\ingre\\index.php')
 3 SYSTEMPATH\View\View.php(216): CodeIgniter\View\View->CodeIgniter\View\{closure}()
 4 SYSTEMPATH\Common.php(1135): CodeIgniter\View\View->render('pages/admin/ingre/index', [], true)
 5 APPPATH\Controllers\IngredientController.php(21): view('pages/admin/ingre/index', [...])
 6 SYSTEMPATH\CodeIgniter.php(898): App\Controllers\IngredientController->index()
 7 SYSTEMPATH\CodeIgniter.php(468): CodeIgniter\CodeIgniter->runController(Object(App\Controllers\IngredientController))
 8 SYSTEMPATH\CodeIgniter.php(351): CodeIgniter\CodeIgniter->handleRequest(null, Object(Config\Cache), false)
 9 FCPATH\index.php(55): CodeIgniter\CodeIgniter->run()
CRITICAL - 2022-06-15 03:37:21 --> Undefined variable: m
in APPPATH\Views\pages\admin\ingre\index.php on line 35.
 1 APPPATH\Views\pages\admin\ingre\index.php(35): CodeIgniter\Debug\Exceptions->errorHandler(8, 'Undefined variable: m', 'APPPATH\\Views\\pages\\admin\\ingre\\index.php', 35, [...])
 2 SYSTEMPATH\View\View.php(213): include('APPPATH\\Views\\pages\\admin\\ingre\\index.php')
 3 SYSTEMPATH\View\View.php(216): CodeIgniter\View\View->CodeIgniter\View\{closure}()
 4 SYSTEMPATH\Common.php(1135): CodeIgniter\View\View->render('pages/admin/ingre/index', [], true)
 5 APPPATH\Controllers\IngredientController.php(21): view('pages/admin/ingre/index', [...])
 6 SYSTEMPATH\CodeIgniter.php(898): App\Controllers\IngredientController->index()
 7 SYSTEMPATH\CodeIgniter.php(468): CodeIgniter\CodeIgniter->runController(Object(App\Controllers\IngredientController))
 8 SYSTEMPATH\CodeIgniter.php(351): CodeIgniter\CodeIgniter->handleRequest(null, Object(Config\Cache), false)
 9 FCPATH\index.php(55): CodeIgniter\CodeIgniter->run()
CRITICAL - 2022-06-15 03:37:29 --> Undefined variable: ingre
in APPPATH\Views\pages\admin\ingre\index.php on line 36.
 1 APPPATH\Views\pages\admin\ingre\index.php(36): CodeIgniter\Debug\Exceptions->errorHandler(8, 'Undefined variable: ingre', 'APPPATH\\Views\\pages\\admin\\ingre\\index.php', 36, [...])
 2 SYSTEMPATH\View\View.php(213): include('APPPATH\\Views\\pages\\admin\\ingre\\index.php')
 3 SYSTEMPATH\View\View.php(216): CodeIgniter\View\View->CodeIgniter\View\{closure}()
 4 SYSTEMPATH\Common.php(1135): CodeIgniter\View\View->render('pages/admin/ingre/index', [], true)
 5 APPPATH\Controllers\IngredientController.php(21): view('pages/admin/ingre/index', [...])
 6 SYSTEMPATH\CodeIgniter.php(898): App\Controllers\IngredientController->index()
 7 SYSTEMPATH\CodeIgniter.php(468): CodeIgniter\CodeIgniter->runController(Object(App\Controllers\IngredientController))
 8 SYSTEMPATH\CodeIgniter.php(351): CodeIgniter\CodeIgniter->handleRequest(null, Object(Config\Cache), false)
 9 FCPATH\index.php(55): CodeIgniter\CodeIgniter->run()
CRITICAL - 2022-06-15 03:37:38 --> Trying to get property 'name' of non-object
in APPPATH\Views\pages\admin\ingre\index.php on line 36.
 1 APPPATH\Views\pages\admin\ingre\index.php(36): CodeIgniter\Debug\Exceptions->errorHandler(8, 'Trying to get property \'name\' of non-object', 'APPPATH\\Views\\pages\\admin\\ingre\\index.php', 36, [...])
 2 SYSTEMPATH\View\View.php(213): include('APPPATH\\Views\\pages\\admin\\ingre\\index.php')
 3 SYSTEMPATH\View\View.php(216): CodeIgniter\View\View->CodeIgniter\View\{closure}()
 4 SYSTEMPATH\Common.php(1135): CodeIgniter\View\View->render('pages/admin/ingre/index', [], true)
 5 APPPATH\Controllers\IngredientController.php(21): view('pages/admin/ingre/index', [...])
 6 SYSTEMPATH\CodeIgniter.php(898): App\Controllers\IngredientController->index()
 7 SYSTEMPATH\CodeIgniter.php(468): CodeIgniter\CodeIgniter->runController(Object(App\Controllers\IngredientController))
 8 SYSTEMPATH\CodeIgniter.php(351): CodeIgniter\CodeIgniter->handleRequest(null, Object(Config\Cache), false)
 9 FCPATH\index.php(55): CodeIgniter\CodeIgniter->run()
