CRITICAL - 2022-06-21 11:36:13 --> Trying to get property 'name' of non-object
in APPPATH\Views\partials\navbar.php on line 17.
 1 APPPATH\Views\partials\navbar.php(17): CodeIgniter\Debug\Exceptions->errorHandler(8, 'Trying to get property \'name\' of non-object', 'APPPATH\\Views\\partials\\navbar.php', 17, [...])
 2 SYSTEMPATH\View\View.php(213): include('APPPATH\\Views\\partials\\navbar.php')
 3 SYSTEMPATH\View\View.php(216): CodeIgniter\View\View->CodeIgniter\View\{closure}()
 4 SYSTEMPATH\View\View.php(429): CodeIgniter\View\View->render('partials/navbar', null, true)
 5 APPPATH\Views\scaffolding\back.php(2): CodeIgniter\View\View->include('partials/navbar')
 6 SYSTEMPATH\View\View.php(213): include('APPPATH\\Views\\scaffolding\\back.php')
 7 SYSTEMPATH\View\View.php(216): CodeIgniter\View\View->CodeIgniter\View\{closure}()
 8 SYSTEMPATH\View\View.php(229): CodeIgniter\View\View->render('scaffolding/back', [], true)
 9 SYSTEMPATH\Common.php(1135): CodeIgniter\View\View->render('pages/admin/menu/index', [], true)
10 APPPATH\Controllers\MenuController.php(24): view('pages/admin/menu/index', [...])
11 SYSTEMPATH\CodeIgniter.php(898): App\Controllers\MenuController->index()
12 SYSTEMPATH\CodeIgniter.php(468): CodeIgniter\CodeIgniter->runController(Object(App\Controllers\MenuController))
13 SYSTEMPATH\CodeIgniter.php(351): CodeIgniter\CodeIgniter->handleRequest(null, Object(Config\Cache), false)
14 FCPATH\index.php(55): CodeIgniter\CodeIgniter->run()
CRITICAL - 2022-06-21 11:36:22 --> Trying to get property 'name' of non-object
in APPPATH\Views\partials\navbar.php on line 17.
 1 APPPATH\Views\partials\navbar.php(17): CodeIgniter\Debug\Exceptions->errorHandler(8, 'Trying to get property \'name\' of non-object', 'APPPATH\\Views\\partials\\navbar.php', 17, [...])
 2 SYSTEMPATH\View\View.php(213): include('APPPATH\\Views\\partials\\navbar.php')
 3 SYSTEMPATH\View\View.php(216): CodeIgniter\View\View->CodeIgniter\View\{closure}()
 4 SYSTEMPATH\View\View.php(429): CodeIgniter\View\View->render('partials/navbar', null, true)
 5 APPPATH\Views\scaffolding\back.php(2): CodeIgniter\View\View->include('partials/navbar')
 6 SYSTEMPATH\View\View.php(213): include('APPPATH\\Views\\scaffolding\\back.php')
 7 SYSTEMPATH\View\View.php(216): CodeIgniter\View\View->CodeIgniter\View\{closure}()
 8 SYSTEMPATH\View\View.php(229): CodeIgniter\View\View->render('scaffolding/back', [], true)
 9 SYSTEMPATH\Common.php(1135): CodeIgniter\View\View->render('pages/admin/menu/index', [], true)
10 APPPATH\Controllers\MenuController.php(24): view('pages/admin/menu/index', [...])
11 SYSTEMPATH\CodeIgniter.php(898): App\Controllers\MenuController->index()
12 SYSTEMPATH\CodeIgniter.php(468): CodeIgniter\CodeIgniter->runController(Object(App\Controllers\MenuController))
13 SYSTEMPATH\CodeIgniter.php(351): CodeIgniter\CodeIgniter->handleRequest(null, Object(Config\Cache), false)
14 FCPATH\index.php(55): CodeIgniter\CodeIgniter->run()
CRITICAL - 2022-06-21 11:37:01 --> Call to a member function findAll() on null
in APPPATH\Controllers\MenuController.php on line 26.
 1 SYSTEMPATH\CodeIgniter.php(898): App\Controllers\MenuController->index()
 2 SYSTEMPATH\CodeIgniter.php(468): CodeIgniter\CodeIgniter->runController(Object(App\Controllers\MenuController))
 3 SYSTEMPATH\CodeIgniter.php(351): CodeIgniter\CodeIgniter->handleRequest(null, Object(Config\Cache), false)
 4 FCPATH\index.php(55): CodeIgniter\CodeIgniter->run()
CRITICAL - 2022-06-21 11:37:20 --> Trying to get property 'name' of non-object
in APPPATH\Views\partials\navbar.php on line 17.
 1 APPPATH\Views\partials\navbar.php(17): CodeIgniter\Debug\Exceptions->errorHandler(8, 'Trying to get property \'name\' of non-object', 'APPPATH\\Views\\partials\\navbar.php', 17, [...])
 2 SYSTEMPATH\View\View.php(213): include('APPPATH\\Views\\partials\\navbar.php')
 3 SYSTEMPATH\View\View.php(216): CodeIgniter\View\View->CodeIgniter\View\{closure}()
 4 SYSTEMPATH\View\View.php(429): CodeIgniter\View\View->render('partials/navbar', null, true)
 5 APPPATH\Views\scaffolding\back.php(2): CodeIgniter\View\View->include('partials/navbar')
 6 SYSTEMPATH\View\View.php(213): include('APPPATH\\Views\\scaffolding\\back.php')
 7 SYSTEMPATH\View\View.php(216): CodeIgniter\View\View->CodeIgniter\View\{closure}()
 8 SYSTEMPATH\View\View.php(229): CodeIgniter\View\View->render('scaffolding/back', [], true)
 9 SYSTEMPATH\Common.php(1135): CodeIgniter\View\View->render('pages/admin/menu/index', [], true)
10 APPPATH\Controllers\MenuController.php(27): view('pages/admin/menu/index', [...])
11 SYSTEMPATH\CodeIgniter.php(898): App\Controllers\MenuController->index()
12 SYSTEMPATH\CodeIgniter.php(468): CodeIgniter\CodeIgniter->runController(Object(App\Controllers\MenuController))
13 SYSTEMPATH\CodeIgniter.php(351): CodeIgniter\CodeIgniter->handleRequest(null, Object(Config\Cache), false)
14 FCPATH\index.php(55): CodeIgniter\CodeIgniter->run()
CRITICAL - 2022-06-21 11:52:41 --> Cannot call constructor
in APPPATH\Controllers\MenuController.php on line 16.
 1 SYSTEMPATH\CodeIgniter.php(860): App\Controllers\MenuController->__construct()
 2 SYSTEMPATH\CodeIgniter.php(459): CodeIgniter\CodeIgniter->createController()
 3 SYSTEMPATH\CodeIgniter.php(351): CodeIgniter\CodeIgniter->handleRequest(null, Object(Config\Cache), false)
 4 FCPATH\index.php(55): CodeIgniter\CodeIgniter->run()
CRITICAL - 2022-06-21 11:54:14 --> Cannot call constructor
in APPPATH\Controllers\BaseController.php on line 26.
 1 APPPATH\Controllers\MenuController.php(16): App\Controllers\BaseController->__construct()
 2 SYSTEMPATH\CodeIgniter.php(860): App\Controllers\MenuController->__construct()
 3 SYSTEMPATH\CodeIgniter.php(459): CodeIgniter\CodeIgniter->createController()
 4 SYSTEMPATH\CodeIgniter.php(351): CodeIgniter\CodeIgniter->handleRequest(null, Object(Config\Cache), false)
 5 FCPATH\index.php(55): CodeIgniter\CodeIgniter->run()
CRITICAL - 2022-06-21 11:54:17 --> Trying to get property 'name' of non-object
in APPPATH\Views\partials\navbar.php on line 17.
 1 APPPATH\Views\partials\navbar.php(17): CodeIgniter\Debug\Exceptions->errorHandler(8, 'Trying to get property \'name\' of non-object', 'APPPATH\\Views\\partials\\navbar.php', 17, [...])
 2 SYSTEMPATH\View\View.php(213): include('APPPATH\\Views\\partials\\navbar.php')
 3 SYSTEMPATH\View\View.php(216): CodeIgniter\View\View->CodeIgniter\View\{closure}()
 4 SYSTEMPATH\View\View.php(429): CodeIgniter\View\View->render('partials/navbar', null, true)
 5 APPPATH\Views\scaffolding\back.php(2): CodeIgniter\View\View->include('partials/navbar')
 6 SYSTEMPATH\View\View.php(213): include('APPPATH\\Views\\scaffolding\\back.php')
 7 SYSTEMPATH\View\View.php(216): CodeIgniter\View\View->CodeIgniter\View\{closure}()
 8 SYSTEMPATH\View\View.php(229): CodeIgniter\View\View->render('scaffolding/back', [], true)
 9 SYSTEMPATH\Common.php(1135): CodeIgniter\View\View->render('pages/admin/menu/index', [], true)
10 APPPATH\Controllers\MenuController.php(28): view('pages/admin/menu/index', [...])
11 SYSTEMPATH\CodeIgniter.php(898): App\Controllers\MenuController->index()
12 SYSTEMPATH\CodeIgniter.php(468): CodeIgniter\CodeIgniter->runController(Object(App\Controllers\MenuController))
13 SYSTEMPATH\CodeIgniter.php(351): CodeIgniter\CodeIgniter->handleRequest(null, Object(Config\Cache), false)
14 FCPATH\index.php(55): CodeIgniter\CodeIgniter->run()
CRITICAL - 2022-06-21 11:54:58 --> Trying to get property 'name' of non-object
in APPPATH\Views\partials\navbar.php on line 17.
 1 APPPATH\Views\partials\navbar.php(17): CodeIgniter\Debug\Exceptions->errorHandler(8, 'Trying to get property \'name\' of non-object', 'APPPATH\\Views\\partials\\navbar.php', 17, [...])
 2 SYSTEMPATH\View\View.php(213): include('APPPATH\\Views\\partials\\navbar.php')
 3 SYSTEMPATH\View\View.php(216): CodeIgniter\View\View->CodeIgniter\View\{closure}()
 4 SYSTEMPATH\View\View.php(429): CodeIgniter\View\View->render('partials/navbar', null, true)
 5 APPPATH\Views\scaffolding\back.php(2): CodeIgniter\View\View->include('partials/navbar')
 6 SYSTEMPATH\View\View.php(213): include('APPPATH\\Views\\scaffolding\\back.php')
 7 SYSTEMPATH\View\View.php(216): CodeIgniter\View\View->CodeIgniter\View\{closure}()
 8 SYSTEMPATH\View\View.php(229): CodeIgniter\View\View->render('scaffolding/back', [], true)
 9 SYSTEMPATH\Common.php(1135): CodeIgniter\View\View->render('pages/admin/menu/index', [], true)
10 APPPATH\Controllers\MenuController.php(28): view('pages/admin/menu/index', [...])
11 SYSTEMPATH\CodeIgniter.php(898): App\Controllers\MenuController->index()
12 SYSTEMPATH\CodeIgniter.php(468): CodeIgniter\CodeIgniter->runController(Object(App\Controllers\MenuController))
13 SYSTEMPATH\CodeIgniter.php(351): CodeIgniter\CodeIgniter->handleRequest(null, Object(Config\Cache), false)
14 FCPATH\index.php(55): CodeIgniter\CodeIgniter->run()
CRITICAL - 2022-06-21 11:55:01 --> Trying to get property 'name' of non-object
in APPPATH\Views\partials\navbar.php on line 17.
 1 APPPATH\Views\partials\navbar.php(17): CodeIgniter\Debug\Exceptions->errorHandler(8, 'Trying to get property \'name\' of non-object', 'APPPATH\\Views\\partials\\navbar.php', 17, [...])
 2 SYSTEMPATH\View\View.php(213): include('APPPATH\\Views\\partials\\navbar.php')
 3 SYSTEMPATH\View\View.php(216): CodeIgniter\View\View->CodeIgniter\View\{closure}()
 4 SYSTEMPATH\View\View.php(429): CodeIgniter\View\View->render('partials/navbar', null, true)
 5 APPPATH\Views\scaffolding\back.php(2): CodeIgniter\View\View->include('partials/navbar')
 6 SYSTEMPATH\View\View.php(213): include('APPPATH\\Views\\scaffolding\\back.php')
 7 SYSTEMPATH\View\View.php(216): CodeIgniter\View\View->CodeIgniter\View\{closure}()
 8 SYSTEMPATH\View\View.php(229): CodeIgniter\View\View->render('scaffolding/back', [], true)
 9 SYSTEMPATH\Common.php(1135): CodeIgniter\View\View->render('pages/admin/menu/index', [], true)
10 APPPATH\Controllers\MenuController.php(28): view('pages/admin/menu/index', [...])
11 SYSTEMPATH\CodeIgniter.php(898): App\Controllers\MenuController->index()
12 SYSTEMPATH\CodeIgniter.php(468): CodeIgniter\CodeIgniter->runController(Object(App\Controllers\MenuController))
13 SYSTEMPATH\CodeIgniter.php(351): CodeIgniter\CodeIgniter->handleRequest(null, Object(Config\Cache), false)
14 FCPATH\index.php(55): CodeIgniter\CodeIgniter->run()
CRITICAL - 2022-06-21 11:55:05 --> Trying to get property 'name' of non-object
in APPPATH\Views\partials\navbar.php on line 17.
 1 APPPATH\Views\partials\navbar.php(17): CodeIgniter\Debug\Exceptions->errorHandler(8, 'Trying to get property \'name\' of non-object', 'APPPATH\\Views\\partials\\navbar.php', 17, [...])
 2 SYSTEMPATH\View\View.php(213): include('APPPATH\\Views\\partials\\navbar.php')
 3 SYSTEMPATH\View\View.php(216): CodeIgniter\View\View->CodeIgniter\View\{closure}()
 4 SYSTEMPATH\View\View.php(429): CodeIgniter\View\View->render('partials/navbar', null, true)
 5 APPPATH\Views\scaffolding\back.php(2): CodeIgniter\View\View->include('partials/navbar')
 6 SYSTEMPATH\View\View.php(213): include('APPPATH\\Views\\scaffolding\\back.php')
 7 SYSTEMPATH\View\View.php(216): CodeIgniter\View\View->CodeIgniter\View\{closure}()
 8 SYSTEMPATH\View\View.php(229): CodeIgniter\View\View->render('scaffolding/back', [], true)
 9 SYSTEMPATH\Common.php(1135): CodeIgniter\View\View->render('pages/admin/menu/index', [], true)
10 APPPATH\Controllers\MenuController.php(28): view('pages/admin/menu/index', [...])
11 SYSTEMPATH\CodeIgniter.php(898): App\Controllers\MenuController->index()
12 SYSTEMPATH\CodeIgniter.php(468): CodeIgniter\CodeIgniter->runController(Object(App\Controllers\MenuController))
13 SYSTEMPATH\CodeIgniter.php(351): CodeIgniter\CodeIgniter->handleRequest(null, Object(Config\Cache), false)
14 FCPATH\index.php(55): CodeIgniter\CodeIgniter->run()
CRITICAL - 2022-06-21 12:36:07 --> Undefined variable: menus
in APPPATH\Views\pages\admin\menu\detail.php on line 39.
 1 APPPATH\Views\pages\admin\menu\detail.php(39): CodeIgniter\Debug\Exceptions->errorHandler(8, 'Undefined variable: menus', 'APPPATH\\Views\\pages\\admin\\menu\\detail.php', 39, [...])
 2 SYSTEMPATH\View\View.php(213): include('APPPATH\\Views\\pages\\admin\\menu\\detail.php')
 3 SYSTEMPATH\View\View.php(216): CodeIgniter\View\View->CodeIgniter\View\{closure}()
 4 SYSTEMPATH\Common.php(1135): CodeIgniter\View\View->render('pages/admin/menu/detail', [], true)
 5 APPPATH\Controllers\MenuController.php(29): view('pages/admin/menu/detail', [...])
 6 SYSTEMPATH\CodeIgniter.php(898): App\Controllers\MenuController->show('1')
 7 SYSTEMPATH\CodeIgniter.php(468): CodeIgniter\CodeIgniter->runController(Object(App\Controllers\MenuController))
 8 SYSTEMPATH\CodeIgniter.php(351): CodeIgniter\CodeIgniter->handleRequest(null, Object(Config\Cache), false)
 9 FCPATH\index.php(55): CodeIgniter\CodeIgniter->run()
CRITICAL - 2022-06-21 12:38:49 --> Undefined variable: tmping
in APPPATH\Views\pages\admin\menu\detail.php on line 44.
 1 APPPATH\Views\pages\admin\menu\detail.php(44): CodeIgniter\Debug\Exceptions->errorHandler(8, 'Undefined variable: tmping', 'APPPATH\\Views\\pages\\admin\\menu\\detail.php', 44, [...])
 2 SYSTEMPATH\View\View.php(213): include('APPPATH\\Views\\pages\\admin\\menu\\detail.php')
 3 SYSTEMPATH\View\View.php(216): CodeIgniter\View\View->CodeIgniter\View\{closure}()
 4 SYSTEMPATH\Common.php(1135): CodeIgniter\View\View->render('pages/admin/menu/detail', [], true)
 5 APPPATH\Controllers\MenuController.php(30): view('pages/admin/menu/detail', [...])
 6 SYSTEMPATH\CodeIgniter.php(898): App\Controllers\MenuController->show('1')
 7 SYSTEMPATH\CodeIgniter.php(468): CodeIgniter\CodeIgniter->runController(Object(App\Controllers\MenuController))
 8 SYSTEMPATH\CodeIgniter.php(351): CodeIgniter\CodeIgniter->handleRequest(null, Object(Config\Cache), false)
 9 FCPATH\index.php(55): CodeIgniter\CodeIgniter->run()
CRITICAL - 2022-06-21 12:40:18 --> Undefined variable: tmping
in APPPATH\Views\pages\admin\menu\detail.php on line 44.
 1 APPPATH\Views\pages\admin\menu\detail.php(44): CodeIgniter\Debug\Exceptions->errorHandler(8, 'Undefined variable: tmping', 'APPPATH\\Views\\pages\\admin\\menu\\detail.php', 44, [...])
 2 SYSTEMPATH\View\View.php(213): include('APPPATH\\Views\\pages\\admin\\menu\\detail.php')
 3 SYSTEMPATH\View\View.php(216): CodeIgniter\View\View->CodeIgniter\View\{closure}()
 4 SYSTEMPATH\Common.php(1135): CodeIgniter\View\View->render('pages/admin/menu/detail', [], true)
 5 APPPATH\Controllers\MenuController.php(30): view('pages/admin/menu/detail', [...])
 6 SYSTEMPATH\CodeIgniter.php(898): App\Controllers\MenuController->show('1')
 7 SYSTEMPATH\CodeIgniter.php(468): CodeIgniter\CodeIgniter->runController(Object(App\Controllers\MenuController))
 8 SYSTEMPATH\CodeIgniter.php(351): CodeIgniter\CodeIgniter->handleRequest(null, Object(Config\Cache), false)
 9 FCPATH\index.php(55): CodeIgniter\CodeIgniter->run()
CRITICAL - 2022-06-21 12:56:36 --> Undefined variable: menu
in APPPATH\Views\pages\admin\ingre\detail.php on line 12.
 1 APPPATH\Views\pages\admin\ingre\detail.php(12): CodeIgniter\Debug\Exceptions->errorHandler(8, 'Undefined variable: menu', 'APPPATH\\Views\\pages\\admin\\ingre\\detail.php', 12, [])
 2 SYSTEMPATH\View\View.php(213): include('APPPATH\\Views\\pages\\admin\\ingre\\detail.php')
 3 SYSTEMPATH\View\View.php(216): CodeIgniter\View\View->CodeIgniter\View\{closure}()
 4 SYSTEMPATH\Common.php(1135): CodeIgniter\View\View->render('pages/admin/ingre/detail', [], true)
 5 APPPATH\Controllers\IngredientController.php(27): view('pages/admin/ingre/detail')
 6 SYSTEMPATH\CodeIgniter.php(898): App\Controllers\IngredientController->show('1')
 7 SYSTEMPATH\CodeIgniter.php(468): CodeIgniter\CodeIgniter->runController(Object(App\Controllers\IngredientController))
 8 SYSTEMPATH\CodeIgniter.php(351): CodeIgniter\CodeIgniter->handleRequest(null, Object(Config\Cache), false)
 9 FCPATH\index.php(55): CodeIgniter\CodeIgniter->run()
CRITICAL - 2022-06-21 12:57:23 --> Undefined variable: ingre
in APPPATH\Views\pages\admin\ingre\detail.php on line 12.
 1 APPPATH\Views\pages\admin\ingre\detail.php(12): CodeIgniter\Debug\Exceptions->errorHandler(8, 'Undefined variable: ingre', 'APPPATH\\Views\\pages\\admin\\ingre\\detail.php', 12, [])
 2 SYSTEMPATH\View\View.php(213): include('APPPATH\\Views\\pages\\admin\\ingre\\detail.php')
 3 SYSTEMPATH\View\View.php(216): CodeIgniter\View\View->CodeIgniter\View\{closure}()
 4 SYSTEMPATH\Common.php(1135): CodeIgniter\View\View->render('pages/admin/ingre/detail', [], true)
 5 APPPATH\Controllers\IngredientController.php(27): view('pages/admin/ingre/detail')
 6 SYSTEMPATH\CodeIgniter.php(898): App\Controllers\IngredientController->show('1')
 7 SYSTEMPATH\CodeIgniter.php(468): CodeIgniter\CodeIgniter->runController(Object(App\Controllers\IngredientController))
 8 SYSTEMPATH\CodeIgniter.php(351): CodeIgniter\CodeIgniter->handleRequest(null, Object(Config\Cache), false)
 9 FCPATH\index.php(55): CodeIgniter\CodeIgniter->run()
CRITICAL - 2022-06-21 12:57:36 --> Undefined variable: menu
in APPPATH\Views\pages\admin\ingre\detail.php on line 50.
 1 APPPATH\Views\pages\admin\ingre\detail.php(50): CodeIgniter\Debug\Exceptions->errorHandler(8, 'Undefined variable: menu', 'APPPATH\\Views\\pages\\admin\\ingre\\detail.php', 50, [...])
 2 SYSTEMPATH\View\View.php(213): include('APPPATH\\Views\\pages\\admin\\ingre\\detail.php')
 3 SYSTEMPATH\View\View.php(216): CodeIgniter\View\View->CodeIgniter\View\{closure}()
 4 SYSTEMPATH\Common.php(1135): CodeIgniter\View\View->render('pages/admin/ingre/detail', [], true)
 5 APPPATH\Controllers\IngredientController.php(27): view('pages/admin/ingre/detail', [...])
 6 SYSTEMPATH\CodeIgniter.php(898): App\Controllers\IngredientController->show('1')
 7 SYSTEMPATH\CodeIgniter.php(468): CodeIgniter\CodeIgniter->runController(Object(App\Controllers\IngredientController))
 8 SYSTEMPATH\CodeIgniter.php(351): CodeIgniter\CodeIgniter->handleRequest(null, Object(Config\Cache), false)
 9 FCPATH\index.php(55): CodeIgniter\CodeIgniter->run()
ERROR - 2022-06-21 13:21:04 --> Unknown column 'carts.menus.id' in 'on clause'
CRITICAL - 2022-06-21 13:21:04 --> Unknown column 'carts.menus.id' in 'on clause'
in SYSTEMPATH\Database\MySQLi\Connection.php on line 292.
 1 SYSTEMPATH\Database\MySQLi\Connection.php(292): mysqli->query('SELECT *
FROM `menus`
LEFT JOIN `carts` ON `menus`.`id` = `carts`.`menus`.`id`
WHERE `carts`.`user_id` = \'1\'', 0)
 2 SYSTEMPATH\Database\BaseConnection.php(678): CodeIgniter\Database\MySQLi\Connection->execute('SELECT *
FROM `menus`
LEFT JOIN `carts` ON `menus`.`id` = `carts`.`menus`.`id`
WHERE `carts`.`user_id` = \'1\'')
 3 SYSTEMPATH\Database\BaseConnection.php(606): CodeIgniter\Database\BaseConnection->simpleQuery('SELECT *
FROM `menus`
LEFT JOIN `carts` ON `menus`.`id` = `carts`.`menus`.`id`
WHERE `carts`.`user_id` = \'1\'')
 4 SYSTEMPATH\Database\BaseBuilder.php(1585): CodeIgniter\Database\BaseConnection->query('SELECT *
FROM `menus`
LEFT JOIN `carts` ON `menus`.`id` = `carts`.`menus`.`id`
WHERE `carts`.`user_id` = :carts.user_id:', [...], false)
 5 APPPATH\Models\Menu.php(48): CodeIgniter\Database\BaseBuilder->get()
 6 APPPATH\Controllers\GuestController.php(22): App\Models\Menu->joinCart()
 7 SYSTEMPATH\CodeIgniter.php(898): App\Controllers\GuestController->sale()
 8 SYSTEMPATH\CodeIgniter.php(468): CodeIgniter\CodeIgniter->runController(Object(App\Controllers\GuestController))
 9 SYSTEMPATH\CodeIgniter.php(351): CodeIgniter\CodeIgniter->handleRequest(null, Object(Config\Cache), false)
10 FCPATH\index.php(55): CodeIgniter\CodeIgniter->run()
ERROR - 2022-06-21 13:21:12 --> Unknown column 'carts.menus_id' in 'on clause'
CRITICAL - 2022-06-21 13:21:12 --> Unknown column 'carts.menus_id' in 'on clause'
in SYSTEMPATH\Database\MySQLi\Connection.php on line 292.
 1 SYSTEMPATH\Database\MySQLi\Connection.php(292): mysqli->query('SELECT *
FROM `menus`
LEFT JOIN `carts` ON `menus`.`id` = `carts`.`menus_id`
WHERE `carts`.`user_id` = \'1\'', 0)
 2 SYSTEMPATH\Database\BaseConnection.php(678): CodeIgniter\Database\MySQLi\Connection->execute('SELECT *
FROM `menus`
LEFT JOIN `carts` ON `menus`.`id` = `carts`.`menus_id`
WHERE `carts`.`user_id` = \'1\'')
 3 SYSTEMPATH\Database\BaseConnection.php(606): CodeIgniter\Database\BaseConnection->simpleQuery('SELECT *
FROM `menus`
LEFT JOIN `carts` ON `menus`.`id` = `carts`.`menus_id`
WHERE `carts`.`user_id` = \'1\'')
 4 SYSTEMPATH\Database\BaseBuilder.php(1585): CodeIgniter\Database\BaseConnection->query('SELECT *
FROM `menus`
LEFT JOIN `carts` ON `menus`.`id` = `carts`.`menus_id`
WHERE `carts`.`user_id` = :carts.user_id:', [...], false)
 5 APPPATH\Models\Menu.php(48): CodeIgniter\Database\BaseBuilder->get()
 6 APPPATH\Controllers\GuestController.php(22): App\Models\Menu->joinCart()
 7 SYSTEMPATH\CodeIgniter.php(898): App\Controllers\GuestController->sale()
 8 SYSTEMPATH\CodeIgniter.php(468): CodeIgniter\CodeIgniter->runController(Object(App\Controllers\GuestController))
 9 SYSTEMPATH\CodeIgniter.php(351): CodeIgniter\CodeIgniter->handleRequest(null, Object(Config\Cache), false)
10 FCPATH\index.php(55): CodeIgniter\CodeIgniter->run()
CRITICAL - 2022-06-21 13:21:17 --> Invalid file: pages/user/sale.php
in SYSTEMPATH\Exceptions\FrameworkException.php on line 33.
 1 SYSTEMPATH\View\View.php(201): CodeIgniter\Exceptions\FrameworkException::forInvalidFile('pages/user/sale.php')
 2 SYSTEMPATH\Common.php(1135): CodeIgniter\View\View->render('pages/user/sale', [], true)
 3 APPPATH\Controllers\GuestController.php(23): view('pages/user/sale')
 4 SYSTEMPATH\CodeIgniter.php(898): App\Controllers\GuestController->sale()
 5 SYSTEMPATH\CodeIgniter.php(468): CodeIgniter\CodeIgniter->runController(Object(App\Controllers\GuestController))
 6 SYSTEMPATH\CodeIgniter.php(351): CodeIgniter\CodeIgniter->handleRequest(null, Object(Config\Cache), false)
 7 FCPATH\index.php(55): CodeIgniter\CodeIgniter->run()
CRITICAL - 2022-06-21 13:39:07 --> Undefined variable: menu
in APPPATH\Views\pages\user\sale.php on line 44.
 1 APPPATH\Views\pages\user\sale.php(44): CodeIgniter\Debug\Exceptions->errorHandler(8, 'Undefined variable: menu', 'APPPATH\\Views\\pages\\user\\sale.php', 44, [])
 2 SYSTEMPATH\View\View.php(213): include('APPPATH\\Views\\pages\\user\\sale.php')
 3 SYSTEMPATH\View\View.php(216): CodeIgniter\View\View->CodeIgniter\View\{closure}()
 4 SYSTEMPATH\Common.php(1135): CodeIgniter\View\View->render('pages/user/sale', [], true)
 5 APPPATH\Controllers\GuestController.php(23): view('pages/user/sale')
 6 SYSTEMPATH\CodeIgniter.php(898): App\Controllers\GuestController->sale()
 7 SYSTEMPATH\CodeIgniter.php(468): CodeIgniter\CodeIgniter->runController(Object(App\Controllers\GuestController))
 8 SYSTEMPATH\CodeIgniter.php(351): CodeIgniter\CodeIgniter->handleRequest(null, Object(Config\Cache), false)
 9 FCPATH\index.php(55): CodeIgniter\CodeIgniter->run()
CRITICAL - 2022-06-21 13:41:25 --> Trying to get property 'id' of non-object
in APPPATH\Views\pages\user\sale.php on line 59.
 1 APPPATH\Views\pages\user\sale.php(59): CodeIgniter\Debug\Exceptions->errorHandler(8, 'Trying to get property \'id\' of non-object', 'APPPATH\\Views\\pages\\user\\sale.php', 59, [...])
 2 SYSTEMPATH\View\View.php(213): include('APPPATH\\Views\\pages\\user\\sale.php')
 3 SYSTEMPATH\View\View.php(216): CodeIgniter\View\View->CodeIgniter\View\{closure}()
 4 SYSTEMPATH\Common.php(1135): CodeIgniter\View\View->render('pages/user/sale', [], true)
 5 APPPATH\Controllers\GuestController.php(26): view('pages/user/sale', [...])
 6 SYSTEMPATH\CodeIgniter.php(898): App\Controllers\GuestController->sale()
 7 SYSTEMPATH\CodeIgniter.php(468): CodeIgniter\CodeIgniter->runController(Object(App\Controllers\GuestController))
 8 SYSTEMPATH\CodeIgniter.php(351): CodeIgniter\CodeIgniter->handleRequest(null, Object(Config\Cache), false)
 9 FCPATH\index.php(55): CodeIgniter\CodeIgniter->run()
CRITICAL - 2022-06-21 13:42:27 --> Trying to get property 'id' of non-object
in APPPATH\Views\pages\user\sale.php on line 59.
 1 APPPATH\Views\pages\user\sale.php(59): CodeIgniter\Debug\Exceptions->errorHandler(8, 'Trying to get property \'id\' of non-object', 'APPPATH\\Views\\pages\\user\\sale.php', 59, [...])
 2 SYSTEMPATH\View\View.php(213): include('APPPATH\\Views\\pages\\user\\sale.php')
 3 SYSTEMPATH\View\View.php(216): CodeIgniter\View\View->CodeIgniter\View\{closure}()
 4 SYSTEMPATH\Common.php(1135): CodeIgniter\View\View->render('pages/user/sale', [], true)
 5 APPPATH\Controllers\GuestController.php(26): view('pages/user/sale', [...])
 6 SYSTEMPATH\CodeIgniter.php(898): App\Controllers\GuestController->sale()
 7 SYSTEMPATH\CodeIgniter.php(468): CodeIgniter\CodeIgniter->runController(Object(App\Controllers\GuestController))
 8 SYSTEMPATH\CodeIgniter.php(351): CodeIgniter\CodeIgniter->handleRequest(null, Object(Config\Cache), false)
 9 FCPATH\index.php(55): CodeIgniter\CodeIgniter->run()
CRITICAL - 2022-06-21 13:42:59 --> Trying to get property 'id' of non-object
in APPPATH\Views\pages\user\sale.php on line 59.
 1 APPPATH\Views\pages\user\sale.php(59): CodeIgniter\Debug\Exceptions->errorHandler(8, 'Trying to get property \'id\' of non-object', 'APPPATH\\Views\\pages\\user\\sale.php', 59, [...])
 2 SYSTEMPATH\View\View.php(213): include('APPPATH\\Views\\pages\\user\\sale.php')
 3 SYSTEMPATH\View\View.php(216): CodeIgniter\View\View->CodeIgniter\View\{closure}()
 4 SYSTEMPATH\Common.php(1135): CodeIgniter\View\View->render('pages/user/sale', [], true)
 5 APPPATH\Controllers\GuestController.php(26): view('pages/user/sale', [...])
 6 SYSTEMPATH\CodeIgniter.php(898): App\Controllers\GuestController->sale()
 7 SYSTEMPATH\CodeIgniter.php(468): CodeIgniter\CodeIgniter->runController(Object(App\Controllers\GuestController))
 8 SYSTEMPATH\CodeIgniter.php(351): CodeIgniter\CodeIgniter->handleRequest(null, Object(Config\Cache), false)
 9 FCPATH\index.php(55): CodeIgniter\CodeIgniter->run()
CRITICAL - 2022-06-21 13:43:09 --> Trying to get property 'id' of non-object
in APPPATH\Views\pages\user\sale.php on line 59.
 1 APPPATH\Views\pages\user\sale.php(59): CodeIgniter\Debug\Exceptions->errorHandler(8, 'Trying to get property \'id\' of non-object', 'APPPATH\\Views\\pages\\user\\sale.php', 59, [...])
 2 SYSTEMPATH\View\View.php(213): include('APPPATH\\Views\\pages\\user\\sale.php')
 3 SYSTEMPATH\View\View.php(216): CodeIgniter\View\View->CodeIgniter\View\{closure}()
 4 SYSTEMPATH\Common.php(1135): CodeIgniter\View\View->render('pages/user/sale', [], true)
 5 APPPATH\Controllers\GuestController.php(26): view('pages/user/sale', [...])
 6 SYSTEMPATH\CodeIgniter.php(898): App\Controllers\GuestController->sale()
 7 SYSTEMPATH\CodeIgniter.php(468): CodeIgniter\CodeIgniter->runController(Object(App\Controllers\GuestController))
 8 SYSTEMPATH\CodeIgniter.php(351): CodeIgniter\CodeIgniter->handleRequest(null, Object(Config\Cache), false)
 9 FCPATH\index.php(55): CodeIgniter\CodeIgniter->run()
CRITICAL - 2022-06-21 13:43:42 --> Trying to get property 'id' of non-object
in APPPATH\Views\pages\user\sale.php on line 59.
 1 APPPATH\Views\pages\user\sale.php(59): CodeIgniter\Debug\Exceptions->errorHandler(8, 'Trying to get property \'id\' of non-object', 'APPPATH\\Views\\pages\\user\\sale.php', 59, [...])
 2 SYSTEMPATH\View\View.php(213): include('APPPATH\\Views\\pages\\user\\sale.php')
 3 SYSTEMPATH\View\View.php(216): CodeIgniter\View\View->CodeIgniter\View\{closure}()
 4 SYSTEMPATH\Common.php(1135): CodeIgniter\View\View->render('pages/user/sale', [], true)
 5 APPPATH\Controllers\GuestController.php(26): view('pages/user/sale', [...])
 6 SYSTEMPATH\CodeIgniter.php(898): App\Controllers\GuestController->sale()
 7 SYSTEMPATH\CodeIgniter.php(468): CodeIgniter\CodeIgniter->runController(Object(App\Controllers\GuestController))
 8 SYSTEMPATH\CodeIgniter.php(351): CodeIgniter\CodeIgniter->handleRequest(null, Object(Config\Cache), false)
 9 FCPATH\index.php(55): CodeIgniter\CodeIgniter->run()
CRITICAL - 2022-06-21 13:44:03 --> Trying to get property 'id' of non-object
in APPPATH\Views\pages\user\sale.php on line 59.
 1 APPPATH\Views\pages\user\sale.php(59): CodeIgniter\Debug\Exceptions->errorHandler(8, 'Trying to get property \'id\' of non-object', 'APPPATH\\Views\\pages\\user\\sale.php', 59, [...])
 2 SYSTEMPATH\View\View.php(213): include('APPPATH\\Views\\pages\\user\\sale.php')
 3 SYSTEMPATH\View\View.php(216): CodeIgniter\View\View->CodeIgniter\View\{closure}()
 4 SYSTEMPATH\Common.php(1135): CodeIgniter\View\View->render('pages/user/sale', [], true)
 5 APPPATH\Controllers\GuestController.php(23): view('pages/user/sale', [...])
 6 SYSTEMPATH\CodeIgniter.php(898): App\Controllers\GuestController->sale()
 7 SYSTEMPATH\CodeIgniter.php(468): CodeIgniter\CodeIgniter->runController(Object(App\Controllers\GuestController))
 8 SYSTEMPATH\CodeIgniter.php(351): CodeIgniter\CodeIgniter->handleRequest(null, Object(Config\Cache), false)
 9 FCPATH\index.php(55): CodeIgniter\CodeIgniter->run()
CRITICAL - 2022-06-21 13:44:07 --> Trying to get property 'id' of non-object
in APPPATH\Views\pages\user\sale.php on line 59.
 1 APPPATH\Views\pages\user\sale.php(59): CodeIgniter\Debug\Exceptions->errorHandler(8, 'Trying to get property \'id\' of non-object', 'APPPATH\\Views\\pages\\user\\sale.php', 59, [...])
 2 SYSTEMPATH\View\View.php(213): include('APPPATH\\Views\\pages\\user\\sale.php')
 3 SYSTEMPATH\View\View.php(216): CodeIgniter\View\View->CodeIgniter\View\{closure}()
 4 SYSTEMPATH\Common.php(1135): CodeIgniter\View\View->render('pages/user/sale', [], true)
 5 APPPATH\Controllers\GuestController.php(23): view('pages/user/sale', [...])
 6 SYSTEMPATH\CodeIgniter.php(898): App\Controllers\GuestController->sale()
 7 SYSTEMPATH\CodeIgniter.php(468): CodeIgniter\CodeIgniter->runController(Object(App\Controllers\GuestController))
 8 SYSTEMPATH\CodeIgniter.php(351): CodeIgniter\CodeIgniter->handleRequest(null, Object(Config\Cache), false)
 9 FCPATH\index.php(55): CodeIgniter\CodeIgniter->run()
CRITICAL - 2022-06-21 13:44:14 --> Trying to get property 'id' of non-object
in APPPATH\Views\pages\user\sale.php on line 59.
 1 APPPATH\Views\pages\user\sale.php(59): CodeIgniter\Debug\Exceptions->errorHandler(8, 'Trying to get property \'id\' of non-object', 'APPPATH\\Views\\pages\\user\\sale.php', 59, [...])
 2 SYSTEMPATH\View\View.php(213): include('APPPATH\\Views\\pages\\user\\sale.php')
 3 SYSTEMPATH\View\View.php(216): CodeIgniter\View\View->CodeIgniter\View\{closure}()
 4 SYSTEMPATH\Common.php(1135): CodeIgniter\View\View->render('pages/user/sale', [], true)
 5 APPPATH\Controllers\GuestController.php(26): view('pages/user/sale', [...])
 6 SYSTEMPATH\CodeIgniter.php(898): App\Controllers\GuestController->sale()
 7 SYSTEMPATH\CodeIgniter.php(468): CodeIgniter\CodeIgniter->runController(Object(App\Controllers\GuestController))
 8 SYSTEMPATH\CodeIgniter.php(351): CodeIgniter\CodeIgniter->handleRequest(null, Object(Config\Cache), false)
 9 FCPATH\index.php(55): CodeIgniter\CodeIgniter->run()
