CRITICAL - 2022-06-23 05:28:32 --> syntax error, unexpected '}'
in APPPATH\Controllers\TransactionController.php on line 32.
 1 SYSTEMPATH\Autoloader\Autoloader.php(261): CodeIgniter\Autoloader\Autoloader->includeFile('APPPATH\\Controllers\\TransactionController.php')
 2 SYSTEMPATH\Autoloader\Autoloader.php(239): CodeIgniter\Autoloader\Autoloader->loadInNamespace('App\\Controllers\\TransactionController')
 3 [internal function]: CodeIgniter\Autoloader\Autoloader->loadClass('App\\Controllers\\TransactionController')
 4 [internal function]: spl_autoload_call('App\\Controllers\\TransactionController')
 5 SYSTEMPATH\CodeIgniter.php(848): class_exists('\\App\\Controllers\\TransactionController', true)
 6 SYSTEMPATH\CodeIgniter.php(455): CodeIgniter\CodeIgniter->startController()
 7 SYSTEMPATH\CodeIgniter.php(351): CodeIgniter\CodeIgniter->handleRequest(null, Object(Config\Cache), false)
 8 FCPATH\index.php(55): CodeIgniter\CodeIgniter->run()
CRITICAL - 2022-06-23 05:28:40 --> Class '_PHPStan_9df114220\React\Http\Io\Transaction' not found
in APPPATH\Controllers\TransactionController.php on line 21.
 1 SYSTEMPATH\CodeIgniter.php(860): App\Controllers\TransactionController->__construct()
 2 SYSTEMPATH\CodeIgniter.php(459): CodeIgniter\CodeIgniter->createController()
 3 SYSTEMPATH\CodeIgniter.php(351): CodeIgniter\CodeIgniter->handleRequest(null, Object(Config\Cache), false)
 4 FCPATH\index.php(55): CodeIgniter\CodeIgniter->run()
CRITICAL - 2022-06-23 05:35:43 --> Class '_PHPStan_9df114220\React\Http\Io\Transaction' not found
in APPPATH\Controllers\TransactionController.php on line 21.
 1 SYSTEMPATH\CodeIgniter.php(860): App\Controllers\TransactionController->__construct()
 2 SYSTEMPATH\CodeIgniter.php(459): CodeIgniter\CodeIgniter->createController()
 3 SYSTEMPATH\CodeIgniter.php(351): CodeIgniter\CodeIgniter->handleRequest(null, Object(Config\Cache), false)
 4 FCPATH\index.php(55): CodeIgniter\CodeIgniter->run()
CRITICAL - 2022-06-23 05:35:54 --> Allowed fields must be specified for model: App\Models\Order
in SYSTEMPATH\BaseModel.php on line 1138.
 1 SYSTEMPATH\BaseModel.php(1138): CodeIgniter\Database\Exceptions\DataException::forInvalidAllowedFields('App\\Models\\Order')
 2 SYSTEMPATH\BaseModel.php(713): CodeIgniter\BaseModel->doProtectFields([...])
 3 SYSTEMPATH\Model.php(666): CodeIgniter\BaseModel->insert([...], true)
 4 APPPATH\Controllers\TransactionController.php(39): CodeIgniter\Model->insert([...], true)
 5 SYSTEMPATH\CodeIgniter.php(898): App\Controllers\TransactionController->create()
 6 SYSTEMPATH\CodeIgniter.php(468): CodeIgniter\CodeIgniter->runController(Object(App\Controllers\TransactionController))
 7 SYSTEMPATH\CodeIgniter.php(351): CodeIgniter\CodeIgniter->handleRequest(null, Object(Config\Cache), false)
 8 FCPATH\index.php(55): CodeIgniter\CodeIgniter->run()
ERROR - 2022-06-23 05:43:07 --> Table 'kuliah_tigatungku.ordermenus' doesn't exist
CRITICAL - 2022-06-23 05:43:07 --> Table 'kuliah_tigatungku.ordermenus' doesn't exist
in SYSTEMPATH\Database\MySQLi\Connection.php on line 292.
 1 SYSTEMPATH\Database\MySQLi\Connection.php(292): mysqli->query('INSERT INTO `ordermenus` (`order_id`, `menu_id`, `qty`) VALUES (2, \'1\', \'4\')', 0)
 2 SYSTEMPATH\Database\BaseConnection.php(678): CodeIgniter\Database\MySQLi\Connection->execute('INSERT INTO `ordermenus` (`order_id`, `menu_id`, `qty`) VALUES (2, \'1\', \'4\')')
 3 SYSTEMPATH\Database\BaseConnection.php(606): CodeIgniter\Database\BaseConnection->simpleQuery('INSERT INTO `ordermenus` (`order_id`, `menu_id`, `qty`) VALUES (2, \'1\', \'4\')')
 4 SYSTEMPATH\Database\BaseBuilder.php(1904): CodeIgniter\Database\BaseConnection->query('INSERT INTO `ordermenus` (`order_id`, `menu_id`, `qty`) VALUES (:order_id:, :menu_id:, :qty:)', [...], false)
 5 SYSTEMPATH\Model.php(278): CodeIgniter\Database\BaseBuilder->insert()
 6 SYSTEMPATH\BaseModel.php(738): CodeIgniter\Model->doInsert([...])
 7 SYSTEMPATH\Model.php(666): CodeIgniter\BaseModel->insert([...], true)
 8 APPPATH\Controllers\TransactionController.php(47): CodeIgniter\Model->insert([...])
 9 SYSTEMPATH\CodeIgniter.php(898): App\Controllers\TransactionController->create()
10 SYSTEMPATH\CodeIgniter.php(468): CodeIgniter\CodeIgniter->runController(Object(App\Controllers\TransactionController))
11 SYSTEMPATH\CodeIgniter.php(351): CodeIgniter\CodeIgniter->handleRequest(null, Object(Config\Cache), false)
12 FCPATH\index.php(55): CodeIgniter\CodeIgniter->run()
